\BOOKMARK [0][-]{section*.6}{Macroeconom\355a I}{}% 1
\BOOKMARK [1][-]{section.3}{Consumo}{section*.6}% 2
\BOOKMARK [1][-]{section.4}{Inversi\363n}{section*.6}% 3
\BOOKMARK [1][-]{section.5}{El gobierno y la pol\355tica fiscal}{section*.6}% 4
\BOOKMARK [1][-]{section.6}{La econom\355a cerrada}{section*.6}% 5
\BOOKMARK [1][-]{section.7}{Econom\355a abierta: La cuenta corriente}{section*.6}% 6
\BOOKMARK [1][-]{section.8}{Econom\355a abierta: El tipo de cambio real}{section*.6}% 7
\BOOKMARK [1][-]{section.9}{M\341s sobre el tipo de cambio real y la cuenta corriente}{section*.6}% 8
\BOOKMARK [1][-]{section.11}{El modelo neocl\341sico de crecimiento}{section*.6}% 9
\BOOKMARK [1][-]{section.12}{Modelos de crecimiento: Extensiones}{section*.6}% 10
\BOOKMARK [0][-]{section.12}{Macroeconom\355a II}{}% 11
\BOOKMARK [1][-]{section.15}{Teor\355a cuantitativa, neutralidad y demanda por dinero}{section.12}% 12
\BOOKMARK [1][-]{section.16}{Oferta de dinero, pol\355tica monetaria e inflaci\363n}{section.12}% 13
\BOOKMARK [1][-]{section.17}{Pol\355tica monetaria y mercados financieros}{section.12}% 14
\BOOKMARK [1][-]{section.18}{Introducci\363n a las fluctuaciones de corto plazo}{section.12}% 15
\BOOKMARK [1][-]{section.19}{El modelo keynesiano de econom\355a cerrada: IS-LM}{section.12}% 16
\BOOKMARK [1][-]{section.20}{El modelo de Mundell-Fleming: IS-LM en econom\355as abiertas}{section.12}% 17
\BOOKMARK [1][-]{section.21}{La oferta agregada y la curva de Phillips}{section.12}% 18
\BOOKMARK [1][-]{section.22}{Oferta, demanda agregada y pol\355ticas macroecon\363micas}{section.12}% 19
\BOOKMARK [1][-]{section.25}{Inconsistencia intertemporal y pol\355tica monetaria}{section.12}% 20
