\BOOKMARK [1][-]{section.1}{Introducci\363n}{}% 1
\BOOKMARK [1][-]{section.2}{Los datos}{}% 2
\BOOKMARK [1][-]{section.3}{Consumo}{}% 3
\BOOKMARK [1][-]{section.4}{Inversi\363n}{}% 4
\BOOKMARK [1][-]{section.5}{El gobierno y la pol\355tica fiscal}{}% 5
\BOOKMARK [1][-]{section.6}{La econom\355a cerrada}{}% 6
\BOOKMARK [1][-]{section.7}{Econom\355a abierta: La cuenta corriente}{}% 7
\BOOKMARK [1][-]{section.8}{Econom\355a abierta: El tipo de cambio real}{}% 8
\BOOKMARK [1][-]{section.9}{M\341s sobre el tipo de cambio real y cuenta corriente}{}% 9
\BOOKMARK [1][-]{section.10}{Introducci\363n al crecimiento econ\363mico}{}% 10
\BOOKMARK [1][-]{section.11}{El modelo neocl\341sico de crecimiento}{}% 11
\BOOKMARK [1][-]{section.12}{Modelos de crecimiento: Extensiones}{}% 12
\BOOKMARK [1][-]{section.13}{Evidencia emp\355rica}{}% 13
\BOOKMARK [1][-]{section.14}{Crecimiento econ\363mico con ahorro \363ptimo}{}% 14
\BOOKMARK [1][-]{section.15}{Teor\355a cuantitativa, neutralidad y demanda por dinero}{}% 15
\BOOKMARK [1][-]{section.16}{Oferta de dinero, pol\355tica monetaria e inflaci\363n}{}% 16
\BOOKMARK [1][-]{section.17}{Pol\355tica monetaria y mercados financieros}{}% 17
\BOOKMARK [1][-]{section.18}{Introducci\363n a las fluctuaciones de corto plazo}{}% 18
\BOOKMARK [1][-]{section.19}{El modelo keynesiano de econom\355a cerrada: IS-LM}{}% 19
\BOOKMARK [1][-]{section.20}{El modelo de Mundell-Fleming}{}% 20
\BOOKMARK [1][-]{section.21}{La oferta agregada y la curva de Phillips}{}% 21
\BOOKMARK [1][-]{section.22}{Oferta, demanda agregada y pol\355ticas macroecon\363micas}{}% 22
\BOOKMARK [1][-]{section.23}{Fluctuaciones en modelos del ciclo econ\363mico real}{}% 23
\BOOKMARK [1][-]{section.24}{Los mercados del trabajo y del cr\351dito en el ciclo econ\363mico}{}% 24
